<?xml version="1.0" encoding="UTF-8"?>
<!-- Generated by org.testng.reporters.JUnitReportReporter -->
<testsuite hostname="Anishas-MacBook-Air.local" failures="0" tests="1" name="Reusables.TestScenario2" time="19.965" errors="0" timestamp="2025-09-29T22:28:22 IST" skipped="0">
  <testcase classname="Reusables.TestScenario2" name="testDragDropSliders" time="19.965"/>
</testsuite> <!-- Reusables.TestScenario2 -->
