<?xml version="1.0" encoding="UTF-8"?>
<!-- Generated by org.testng.reporters.JUnitReportReporter -->
<testsuite hostname="Anishas-MacBook-Air.local" failures="0" tests="1" name="Reusables.Script1" time="14.033" errors="0" timestamp="2025-09-29T22:05:10 IST" skipped="0">
  <testcase classname="Reusables.Script1" name="testSimpleFormDemo" time="14.033"/>
</testsuite> <!-- Reusables.Script1 -->
