<?xml version="1.0" encoding="UTF-8"?>
<!-- Generated by org.testng.reporters.JUnitReportReporter -->
<testsuite hostname="Anishas-MacBook-Air.local" failures="0" tests="1" name="TestAssesmentLambda.Assesment.TestScenario1" time="3.466" errors="0" timestamp="2025-09-29T20:31:30 IST" skipped="0">
  <testcase classname="TestAssesmentLambda.Assesment.TestScenario1" name="testSimpleFormDemo" time="3.466"/>
</testsuite> <!-- TestAssesmentLambda.Assesment.TestScenario1 -->
