<?xml version="1.0" encoding="UTF-8"?>
<!-- Generated by org.testng.reporters.JUnitReportReporter -->
<testsuite hostname="Anishas-MacBook-Air.local" failures="0" tests="1" name="TestAssesmentLambda.Assesment.TestScenario2" time="2.295" errors="0" timestamp="2025-09-29T20:31:30 IST" skipped="0">
  <testcase classname="TestAssesmentLambda.Assesment.TestScenario2" name="testDragDropSliders" time="2.295"/>
</testsuite> <!-- TestAssesmentLambda.Assesment.TestScenario2 -->
